c:\users\manth\source\repos\deleterepeats\deleterepeats\debug\vc142.pdb
c:\users\manth\source\repos\deleterepeats\deleterepeats\debug\vc142.idb
c:\users\manth\source\repos\deleterepeats\deleterepeats\debug\source.obj
c:\users\manth\source\repos\deleterepeats\debug\deleterepeats.pdb
c:\users\manth\source\repos\deleterepeats\deleterepeats\debug\deleterepeats.tlog\cl.command.1.tlog
c:\users\manth\source\repos\deleterepeats\deleterepeats\debug\deleterepeats.tlog\cl.read.1.tlog
c:\users\manth\source\repos\deleterepeats\deleterepeats\debug\deleterepeats.tlog\cl.write.1.tlog
c:\users\manth\source\repos\deleterepeats\deleterepeats\debug\deleterepeats.tlog\link-cvtres.read.1.tlog
c:\users\manth\source\repos\deleterepeats\deleterepeats\debug\deleterepeats.tlog\link-cvtres.write.1.tlog
c:\users\manth\source\repos\deleterepeats\deleterepeats\debug\deleterepeats.tlog\link-rc.read.1.tlog
c:\users\manth\source\repos\deleterepeats\deleterepeats\debug\deleterepeats.tlog\link-rc.write.1.tlog
c:\users\manth\source\repos\deleterepeats\deleterepeats\debug\deleterepeats.tlog\link.27592-cvtres.read.1.tlog
c:\users\manth\source\repos\deleterepeats\deleterepeats\debug\deleterepeats.tlog\link.27592-cvtres.write.1.tlog
c:\users\manth\source\repos\deleterepeats\deleterepeats\debug\deleterepeats.tlog\link.27592-rc.read.1.tlog
c:\users\manth\source\repos\deleterepeats\deleterepeats\debug\deleterepeats.tlog\link.27592-rc.write.1.tlog
c:\users\manth\source\repos\deleterepeats\deleterepeats\debug\deleterepeats.tlog\link.27592.read.1.tlog
c:\users\manth\source\repos\deleterepeats\deleterepeats\debug\deleterepeats.tlog\link.27592.write.1.tlog
c:\users\manth\source\repos\deleterepeats\deleterepeats\debug\deleterepeats.tlog\link.command.1.tlog
c:\users\manth\source\repos\deleterepeats\deleterepeats\debug\deleterepeats.tlog\link.read.1.tlog
c:\users\manth\source\repos\deleterepeats\deleterepeats\debug\deleterepeats.tlog\link.write.1.tlog
